{"C:\\Users\\Jason\\Desktop\\hangman\\hangman\\empty-module.js": {"path":"C:\\Users\\Jason\\Desktop\\hangman\\hangman\\empty-module.js","statementMap":{"0":{"start":{"line":1,"column":0},"end":{"line":1,"column":19}}},"fnMap":{},"branchMap":{},"s":{"0":1},"f":{},"b":{},"_coverageSchema":"332fd63041d2c1bcb487cc26dd0d5f7d97098a6c","hash":"fad90e67309c0ecff689d275134b2a622f29fe85"}
,"C:\\Users\\Jason\\Desktop\\hangman\\hangman\\store.js": {"path":"C:\\Users\\Jason\\Desktop\\hangman\\hangman\\store.js","statementMap":{},"fnMap":{},"branchMap":{},"s":{},"f":{},"b":{},"_coverageSchema":"332fd63041d2c1bcb487cc26dd0d5f7d97098a6c","hash":"dc98b088a0c52ba56fae571c268cc1821a42ce18"}
,"C:\\Users\\Jason\\Desktop\\hangman\\hangman\\src\\actions\\pageAnimations.js": {"path":"C:\\Users\\Jason\\Desktop\\hangman\\hangman\\src\\actions\\pageAnimations.js","statementMap":{"0":{"start":{"line":2,"column":4},"end":{"line":5,"column":6}},"1":{"start":{"line":9,"column":4},"end":{"line":12,"column":6}}},"fnMap":{"0":{"name":"showLoadingBar","decl":{"start":{"line":1,"column":16},"end":{"line":1,"column":30}},"loc":{"start":{"line":1,"column":48},"end":{"line":6,"column":1}},"line":1},"1":{"name":"showSideMenu","decl":{"start":{"line":8,"column":16},"end":{"line":8,"column":28}},"loc":{"start":{"line":8,"column":46},"end":{"line":13,"column":1}},"line":8}},"branchMap":{"0":{"loc":{"start":{"line":1,"column":31},"end":{"line":1,"column":46}},"type":"default-arg","locations":[{"start":{"line":1,"column":41},"end":{"line":1,"column":46}}],"line":1},"1":{"loc":{"start":{"line":8,"column":29},"end":{"line":8,"column":44}},"type":"default-arg","locations":[{"start":{"line":8,"column":39},"end":{"line":8,"column":44}}],"line":8}},"s":{"0":0,"1":0},"f":{"0":0,"1":0},"b":{"0":[0],"1":[0]},"_coverageSchema":"332fd63041d2c1bcb487cc26dd0d5f7d97098a6c","hash":"bf365e0bc3fba87846ef6d7d0e1ea173fbdd7040"}
,"C:\\Users\\Jason\\Desktop\\hangman\\hangman\\src\\actions\\studentDetailsAction.js": {"path":"C:\\Users\\Jason\\Desktop\\hangman\\hangman\\src\\actions\\studentDetailsAction.js","statementMap":{"0":{"start":{"line":2,"column":4},"end":{"line":5,"column":6}}},"fnMap":{"0":{"name":"addStudentId","decl":{"start":{"line":1,"column":16},"end":{"line":1,"column":28}},"loc":{"start":{"line":1,"column":37},"end":{"line":6,"column":1}},"line":1}},"branchMap":{},"s":{"0":0},"f":{"0":0},"b":{},"_coverageSchema":"332fd63041d2c1bcb487cc26dd0d5f7d97098a6c","hash":"a449f432c19cc660e7acce01c55e7c71399a34f3"}
,"C:\\Users\\Jason\\Desktop\\hangman\\hangman\\src\\actions\\userActions.js": {"path":"C:\\Users\\Jason\\Desktop\\hangman\\hangman\\src\\actions\\userActions.js","statementMap":{"0":{"start":{"line":2,"column":4},"end":{"line":5,"column":6}},"1":{"start":{"line":9,"column":4},"end":{"line":12,"column":6}}},"fnMap":{"0":{"name":"setName","decl":{"start":{"line":1,"column":16},"end":{"line":1,"column":23}},"loc":{"start":{"line":1,"column":30},"end":{"line":6,"column":1}},"line":1},"1":{"name":"setAge","decl":{"start":{"line":8,"column":16},"end":{"line":8,"column":22}},"loc":{"start":{"line":8,"column":28},"end":{"line":13,"column":1}},"line":8}},"branchMap":{},"s":{"0":0,"1":1},"f":{"0":0,"1":1},"b":{},"_coverageSchema":"332fd63041d2c1bcb487cc26dd0d5f7d97098a6c","hash":"ba06781962aa8f5bf3d9d0c43bf07d88de66e10c"}
,"C:\\Users\\Jason\\Desktop\\hangman\\hangman\\src\\components\\User.jsx": {"path":"C:\\Users\\Jason\\Desktop\\hangman\\hangman\\src\\components\\User.jsx","statementMap":{"0":{"start":{"line":3,"column":20},"end":{"line":10,"column":1}},"1":{"start":{"line":4,"column":4},"end":{"line":9,"column":6}}},"fnMap":{"0":{"name":"(anonymous_0)","decl":{"start":{"line":3,"column":20},"end":{"line":3,"column":21}},"loc":{"start":{"line":3,"column":31},"end":{"line":10,"column":1}},"line":3}},"branchMap":{},"s":{"0":1,"1":0},"f":{"0":0},"b":{},"_coverageSchema":"332fd63041d2c1bcb487cc26dd0d5f7d97098a6c","hash":"3beb4c8e868e95c4ba1277506c22ce48a16be321"}
,"C:\\Users\\Jason\\Desktop\\hangman\\hangman\\src\\components\\About\\About.jsx": {"path":"C:\\Users\\Jason\\Desktop\\hangman\\hangman\\src\\components\\About\\About.jsx","statementMap":{"0":{"start":{"line":3,"column":21},"end":{"line":18,"column":1}},"1":{"start":{"line":4,"column":4},"end":{"line":17,"column":6}},"2":{"start":{"line":12,"column":39},"end":{"line":12,"column":67}}},"fnMap":{"0":{"name":"(anonymous_0)","decl":{"start":{"line":3,"column":21},"end":{"line":3,"column":22}},"loc":{"start":{"line":3,"column":32},"end":{"line":18,"column":1}},"line":3},"1":{"name":"(anonymous_1)","decl":{"start":{"line":12,"column":33},"end":{"line":12,"column":34}},"loc":{"start":{"line":12,"column":39},"end":{"line":12,"column":67}},"line":12}},"branchMap":{},"s":{"0":2,"1":1,"2":0},"f":{"0":1,"1":0},"b":{},"_coverageSchema":"332fd63041d2c1bcb487cc26dd0d5f7d97098a6c","hash":"8245c34c178029a7072a7773f9e8a9b4aefecb6e"}
,"C:\\Users\\Jason\\Desktop\\hangman\\hangman\\src\\components\\Header\\Header.jsx": {"path":"C:\\Users\\Jason\\Desktop\\hangman\\hangman\\src\\components\\Header\\Header.jsx","statementMap":{"0":{"start":{"line":9,"column":20},"end":{"line":16,"column":1}},"1":{"start":{"line":18,"column":13},"end":{"line":22,"column":1}},"2":{"start":{"line":24,"column":13},"end":{"line":26,"column":1}},"3":{"start":{"line":27,"column":16},"end":{"line":27,"column":2124}},"4":{"start":{"line":29,"column":19},"end":{"line":33,"column":1}},"5":{"start":{"line":37,"column":6},"end":{"line":37,"column":18}},"6":{"start":{"line":40,"column":6},"end":{"line":40,"column":45}},"7":{"start":{"line":41,"column":4},"end":{"line":55,"column":6}},"8":{"start":{"line":44,"column":30},"end":{"line":44,"column":59}},"9":{"start":{"line":59,"column":28},"end":{"line":65,"column":5}},"10":{"start":{"line":60,"column":6},"end":{"line":64,"column":8}},"11":{"start":{"line":67,"column":31},"end":{"line":72,"column":3}},"12":{"start":{"line":68,"column":6},"end":{"line":71,"column":6}},"13":{"start":{"line":69,"column":32},"end":{"line":69,"column":58}},"14":{"start":{"line":70,"column":40},"end":{"line":70,"column":74}}},"fnMap":{"0":{"name":"(anonymous_0)","decl":{"start":{"line":36,"column":4},"end":{"line":36,"column":5}},"loc":{"start":{"line":36,"column":22},"end":{"line":38,"column":5}},"line":36},"1":{"name":"(anonymous_1)","decl":{"start":{"line":39,"column":4},"end":{"line":39,"column":5}},"loc":{"start":{"line":39,"column":12},"end":{"line":56,"column":3}},"line":39},"2":{"name":"(anonymous_2)","decl":{"start":{"line":44,"column":25},"end":{"line":44,"column":26}},"loc":{"start":{"line":44,"column":30},"end":{"line":44,"column":59}},"line":44},"3":{"name":"(anonymous_3)","decl":{"start":{"line":59,"column":28},"end":{"line":59,"column":29}},"loc":{"start":{"line":59,"column":39},"end":{"line":65,"column":5}},"line":59},"4":{"name":"(anonymous_4)","decl":{"start":{"line":67,"column":31},"end":{"line":67,"column":32}},"loc":{"start":{"line":67,"column":45},"end":{"line":72,"column":3}},"line":67},"5":{"name":"(anonymous_5)","decl":{"start":{"line":69,"column":22},"end":{"line":69,"column":23}},"loc":{"start":{"line":69,"column":30},"end":{"line":69,"column":59}},"line":69},"6":{"name":"(anonymous_6)","decl":{"start":{"line":70,"column":22},"end":{"line":70,"column":23}},"loc":{"start":{"line":70,"column":38},"end":{"line":70,"column":75}},"line":70}},"branchMap":{},"s":{"0":2,"1":2,"2":2,"3":2,"4":2,"5":0,"6":0,"7":0,"8":0,"9":2,"10":0,"11":2,"12":0,"13":0,"14":0},"f":{"0":0,"1":0,"2":0,"3":0,"4":0,"5":0,"6":0},"b":{},"_coverageSchema":"332fd63041d2c1bcb487cc26dd0d5f7d97098a6c","hash":"b7baf9460b04bbebba273558430747f4906f4a2b"}
,"C:\\Users\\Jason\\Desktop\\hangman\\hangman\\src\\components\\Home\\Home.jsx": {"path":"C:\\Users\\Jason\\Desktop\\hangman\\hangman\\src\\components\\Home\\Home.jsx","statementMap":{"0":{"start":{"line":3,"column":20},"end":{"line":9,"column":1}},"1":{"start":{"line":4,"column":4},"end":{"line":8,"column":6}}},"fnMap":{"0":{"name":"(anonymous_0)","decl":{"start":{"line":3,"column":20},"end":{"line":3,"column":21}},"loc":{"start":{"line":3,"column":31},"end":{"line":9,"column":1}},"line":3}},"branchMap":{},"s":{"0":2,"1":1},"f":{"0":1},"b":{},"_coverageSchema":"332fd63041d2c1bcb487cc26dd0d5f7d97098a6c","hash":"e8fad262c7036794c17b439a0044f9c23b350c82"}
,"C:\\Users\\Jason\\Desktop\\hangman\\hangman\\src\\components\\LoadingBar\\LoadingBar.jsx": {"path":"C:\\Users\\Jason\\Desktop\\hangman\\hangman\\src\\components\\LoadingBar\\LoadingBar.jsx","statementMap":{"0":{"start":{"line":5,"column":27},"end":{"line":16,"column":1}},"1":{"start":{"line":18,"column":16},"end":{"line":24,"column":1}},"2":{"start":{"line":26,"column":12},"end":{"line":47,"column":1}},"3":{"start":{"line":51,"column":4},"end":{"line":51,"column":11}},"4":{"start":{"line":54,"column":2},"end":{"line":63,"column":5}},"5":{"start":{"line":55,"column":4},"end":{"line":61,"column":3}},"6":{"start":{"line":62,"column":6},"end":{"line":62,"column":26}},"7":{"start":{"line":68,"column":24},"end":{"line":72,"column":1}},"8":{"start":{"line":69,"column":2},"end":{"line":71,"column":4}}},"fnMap":{"0":{"name":"(anonymous_0)","decl":{"start":{"line":50,"column":2},"end":{"line":50,"column":3}},"loc":{"start":{"line":50,"column":15},"end":{"line":52,"column":3}},"line":50},"1":{"name":"(anonymous_1)","decl":{"start":{"line":53,"column":2},"end":{"line":53,"column":3}},"loc":{"start":{"line":53,"column":10},"end":{"line":64,"column":3}},"line":53},"2":{"name":"(anonymous_2)","decl":{"start":{"line":68,"column":24},"end":{"line":68,"column":25}},"loc":{"start":{"line":68,"column":35},"end":{"line":72,"column":1}},"line":68}},"branchMap":{"0":{"loc":{"start":{"line":54,"column":2},"end":{"line":63,"column":5}},"type":"if","locations":[{"start":{"line":54,"column":2},"end":{"line":63,"column":5}},{"start":{"line":54,"column":2},"end":{"line":63,"column":5}}],"line":54}},"s":{"0":1,"1":1,"2":1,"3":0,"4":0,"5":0,"6":0,"7":1,"8":0},"f":{"0":0,"1":0,"2":0},"b":{"0":[0,0]},"_coverageSchema":"332fd63041d2c1bcb487cc26dd0d5f7d97098a6c","hash":"bcc5d2923437a3816da415fdad35fe3d8e23ad4a"}
,"C:\\Users\\Jason\\Desktop\\hangman\\hangman\\src\\components\\Search\\Search.jsx": {"path":"C:\\Users\\Jason\\Desktop\\hangman\\hangman\\src\\components\\Search\\Search.jsx","statementMap":{"0":{"start":{"line":9,"column":20},"end":{"line":24,"column":1}},"1":{"start":{"line":28,"column":6},"end":{"line":28,"column":18}},"2":{"start":{"line":31,"column":4},"end":{"line":47,"column":6}},"3":{"start":{"line":34,"column":8},"end":{"line":41,"column":9}},"4":{"start":{"line":35,"column":10},"end":{"line":35,"column":49}},"5":{"start":{"line":36,"column":10},"end":{"line":36,"column":42}},"6":{"start":{"line":37,"column":10},"end":{"line":37,"column":30}},"7":{"start":{"line":38,"column":10},"end":{"line":38,"column":40}},"8":{"start":{"line":39,"column":10},"end":{"line":39,"column":66}},"9":{"start":{"line":51,"column":28},"end":{"line":56,"column":5}},"10":{"start":{"line":52,"column":6},"end":{"line":55,"column":8}},"11":{"start":{"line":58,"column":31},"end":{"line":64,"column":3}},"12":{"start":{"line":59,"column":6},"end":{"line":63,"column":6}},"13":{"start":{"line":60,"column":32},"end":{"line":60,"column":58}},"14":{"start":{"line":61,"column":38},"end":{"line":61,"column":70}}},"fnMap":{"0":{"name":"(anonymous_0)","decl":{"start":{"line":27,"column":4},"end":{"line":27,"column":5}},"loc":{"start":{"line":27,"column":22},"end":{"line":29,"column":5}},"line":27},"1":{"name":"(anonymous_1)","decl":{"start":{"line":30,"column":4},"end":{"line":30,"column":5}},"loc":{"start":{"line":30,"column":12},"end":{"line":48,"column":4}},"line":30},"2":{"name":"(anonymous_2)","decl":{"start":{"line":33,"column":26},"end":{"line":33,"column":27}},"loc":{"start":{"line":33,"column":32},"end":{"line":41,"column":10}},"line":33},"3":{"name":"(anonymous_3)","decl":{"start":{"line":51,"column":28},"end":{"line":51,"column":29}},"loc":{"start":{"line":51,"column":39},"end":{"line":56,"column":5}},"line":51},"4":{"name":"(anonymous_4)","decl":{"start":{"line":58,"column":31},"end":{"line":58,"column":32}},"loc":{"start":{"line":58,"column":45},"end":{"line":64,"column":3}},"line":58},"5":{"name":"(anonymous_5)","decl":{"start":{"line":60,"column":22},"end":{"line":60,"column":23}},"loc":{"start":{"line":60,"column":30},"end":{"line":60,"column":60}},"line":60},"6":{"name":"(anonymous_6)","decl":{"start":{"line":61,"column":24},"end":{"line":61,"column":25}},"loc":{"start":{"line":61,"column":36},"end":{"line":61,"column":72}},"line":61}},"branchMap":{"0":{"loc":{"start":{"line":34,"column":8},"end":{"line":41,"column":9}},"type":"if","locations":[{"start":{"line":34,"column":8},"end":{"line":41,"column":9}},{"start":{"line":34,"column":8},"end":{"line":41,"column":9}}],"line":34}},"s":{"0":3,"1":0,"2":0,"3":0,"4":0,"5":0,"6":0,"7":0,"8":0,"9":3,"10":0,"11":3,"12":0,"13":0,"14":0},"f":{"0":0,"1":0,"2":0,"3":0,"4":0,"5":0,"6":0},"b":{"0":[0,0]},"_coverageSchema":"332fd63041d2c1bcb487cc26dd0d5f7d97098a6c","hash":"d933beed6c593343eddba31724213849b22a01af"}
,"C:\\Users\\Jason\\Desktop\\hangman\\hangman\\src\\components\\SideMenu\\SideMenu.jsx": {"path":"C:\\Users\\Jason\\Desktop\\hangman\\hangman\\src\\components\\SideMenu\\SideMenu.jsx","statementMap":{"0":{"start":{"line":8,"column":13},"end":{"line":16,"column":1}},"1":{"start":{"line":17,"column":19},"end":{"line":21,"column":1}},"2":{"start":{"line":22,"column":17},"end":{"line":26,"column":1}},"3":{"start":{"line":27,"column":19},"end":{"line":33,"column":1}},"4":{"start":{"line":34,"column":20},"end":{"line":36,"column":1}},"5":{"start":{"line":37,"column":12},"end":{"line":37,"column":20}},"6":{"start":{"line":39,"column":17},"end":{"line":42,"column":1}},"7":{"start":{"line":44,"column":15},"end":{"line":47,"column":1}},"8":{"start":{"line":52,"column":4},"end":{"line":52,"column":58}},"9":{"start":{"line":53,"column":4},"end":{"line":66,"column":6}},"10":{"start":{"line":56,"column":41},"end":{"line":56,"column":71}},"11":{"start":{"line":59,"column":41},"end":{"line":59,"column":71}},"12":{"start":{"line":62,"column":40},"end":{"line":62,"column":70}},"13":{"start":{"line":69,"column":28},"end":{"line":71,"column":5}},"14":{"start":{"line":70,"column":6},"end":{"line":70,"column":57}},"15":{"start":{"line":73,"column":31},"end":{"line":77,"column":1}},"16":{"start":{"line":74,"column":6},"end":{"line":76,"column":6}},"17":{"start":{"line":75,"column":40},"end":{"line":75,"column":74}}},"fnMap":{"0":{"name":"(anonymous_0)","decl":{"start":{"line":51,"column":4},"end":{"line":51,"column":5}},"loc":{"start":{"line":51,"column":12},"end":{"line":67,"column":5}},"line":51},"1":{"name":"(anonymous_1)","decl":{"start":{"line":56,"column":35},"end":{"line":56,"column":36}},"loc":{"start":{"line":56,"column":41},"end":{"line":56,"column":71}},"line":56},"2":{"name":"(anonymous_2)","decl":{"start":{"line":59,"column":35},"end":{"line":59,"column":36}},"loc":{"start":{"line":59,"column":41},"end":{"line":59,"column":71}},"line":59},"3":{"name":"(anonymous_3)","decl":{"start":{"line":62,"column":34},"end":{"line":62,"column":35}},"loc":{"start":{"line":62,"column":40},"end":{"line":62,"column":70}},"line":62},"4":{"name":"(anonymous_4)","decl":{"start":{"line":69,"column":28},"end":{"line":69,"column":29}},"loc":{"start":{"line":69,"column":39},"end":{"line":71,"column":5}},"line":69},"5":{"name":"(anonymous_5)","decl":{"start":{"line":73,"column":31},"end":{"line":73,"column":32}},"loc":{"start":{"line":73,"column":45},"end":{"line":77,"column":1}},"line":73},"6":{"name":"(anonymous_6)","decl":{"start":{"line":75,"column":22},"end":{"line":75,"column":23}},"loc":{"start":{"line":75,"column":38},"end":{"line":75,"column":76}},"line":75}},"branchMap":{"0":{"loc":{"start":{"line":52,"column":4},"end":{"line":52,"column":57}},"type":"cond-expr","locations":[{"start":{"line":52,"column":25},"end":{"line":52,"column":39}},{"start":{"line":52,"column":41},"end":{"line":52,"column":57}}],"line":52}},"s":{"0":2,"1":2,"2":2,"3":2,"4":2,"5":2,"6":2,"7":2,"8":0,"9":0,"10":0,"11":0,"12":0,"13":2,"14":0,"15":2,"16":0,"17":0},"f":{"0":0,"1":0,"2":0,"3":0,"4":0,"5":0,"6":0},"b":{"0":[0,0]},"_coverageSchema":"332fd63041d2c1bcb487cc26dd0d5f7d97098a6c","hash":"2b82ed86c50bc32de8d0abc71e78ec434a86e282"}
,"C:\\Users\\Jason\\Desktop\\hangman\\hangman\\src\\containers\\App.js": {"path":"C:\\Users\\Jason\\Desktop\\hangman\\hangman\\src\\containers\\App.js","statementMap":{"0":{"start":{"line":23,"column":3},"end":{"line":39,"column":5}},"1":{"start":{"line":31,"column":8},"end":{"line":33,"column":9}},"2":{"start":{"line":32,"column":38},"end":{"line":32,"column":64}},"3":{"start":{"line":43,"column":26},"end":{"line":48,"column":3}},"4":{"start":{"line":44,"column":3},"end":{"line":47,"column":5}},"5":{"start":{"line":50,"column":29},"end":{"line":54,"column":1}},"6":{"start":{"line":51,"column":3},"end":{"line":53,"column":4}},"7":{"start":{"line":52,"column":25},"end":{"line":52,"column":48}}},"fnMap":{"0":{"name":"(anonymous_0)","decl":{"start":{"line":22,"column":2},"end":{"line":22,"column":3}},"loc":{"start":{"line":22,"column":11},"end":{"line":40,"column":3}},"line":22},"1":{"name":"(anonymous_1)","decl":{"start":{"line":30,"column":15},"end":{"line":30,"column":16}},"loc":{"start":{"line":30,"column":20},"end":{"line":34,"column":8}},"line":30},"2":{"name":"(anonymous_2)","decl":{"start":{"line":32,"column":32},"end":{"line":32,"column":33}},"loc":{"start":{"line":32,"column":38},"end":{"line":32,"column":64}},"line":32},"3":{"name":"(anonymous_3)","decl":{"start":{"line":43,"column":26},"end":{"line":43,"column":27}},"loc":{"start":{"line":43,"column":37},"end":{"line":48,"column":3}},"line":43},"4":{"name":"(anonymous_4)","decl":{"start":{"line":50,"column":29},"end":{"line":50,"column":30}},"loc":{"start":{"line":50,"column":43},"end":{"line":54,"column":1}},"line":50},"5":{"name":"(anonymous_5)","decl":{"start":{"line":52,"column":13},"end":{"line":52,"column":14}},"loc":{"start":{"line":52,"column":23},"end":{"line":52,"column":50}},"line":52}},"branchMap":{},"s":{"0":0,"1":0,"2":0,"3":1,"4":0,"5":1,"6":0,"7":0},"f":{"0":0,"1":0,"2":0,"3":0,"4":0,"5":0},"b":{},"_coverageSchema":"332fd63041d2c1bcb487cc26dd0d5f7d97098a6c","hash":"b5ae6b3502de9954fa7f3af77d47a9a2cb2cc1ad"}
,"C:\\Users\\Jason\\Desktop\\hangman\\hangman\\src\\reducers\\pageAnimations.js": {"path":"C:\\Users\\Jason\\Desktop\\hangman\\hangman\\src\\reducers\\pageAnimations.js","statementMap":{"0":{"start":{"line":1,"column":23},"end":{"line":23,"column":1}},"1":{"start":{"line":6,"column":4},"end":{"line":21,"column":5}},"2":{"start":{"line":8,"column":12},"end":{"line":12,"column":13}},"3":{"start":{"line":13,"column":12},"end":{"line":13,"column":18}},"4":{"start":{"line":15,"column":12},"end":{"line":19,"column":13}},"5":{"start":{"line":20,"column":12},"end":{"line":20,"column":18}},"6":{"start":{"line":22,"column":4},"end":{"line":22,"column":17}}},"fnMap":{"0":{"name":"(anonymous_0)","decl":{"start":{"line":1,"column":23},"end":{"line":1,"column":24}},"loc":{"start":{"line":5,"column":14},"end":{"line":23,"column":1}},"line":5}},"branchMap":{"0":{"loc":{"start":{"line":1,"column":24},"end":{"line":5,"column":1}},"type":"default-arg","locations":[{"start":{"line":1,"column":32},"end":{"line":5,"column":1}}],"line":1},"1":{"loc":{"start":{"line":6,"column":4},"end":{"line":21,"column":5}},"type":"switch","locations":[{"start":{"line":7,"column":8},"end":{"line":13,"column":18}},{"start":{"line":14,"column":8},"end":{"line":20,"column":18}}],"line":6}},"s":{"0":4,"1":12,"2":0,"3":0,"4":0,"5":0,"6":12},"f":{"0":12},"b":{"0":[12],"1":[0,0]},"_coverageSchema":"332fd63041d2c1bcb487cc26dd0d5f7d97098a6c","hash":"9775515d4f914ffa5dd70be1e83a1f2cd9d05b52"}
,"C:\\Users\\Jason\\Desktop\\hangman\\hangman\\src\\reducers\\studentDetailsReducer.js": {"path":"C:\\Users\\Jason\\Desktop\\hangman\\hangman\\src\\reducers\\studentDetailsReducer.js","statementMap":{"0":{"start":{"line":1,"column":30},"end":{"line":15,"column":1}},"1":{"start":{"line":5,"column":4},"end":{"line":13,"column":5}},"2":{"start":{"line":7,"column":12},"end":{"line":11,"column":13}},"3":{"start":{"line":12,"column":12},"end":{"line":12,"column":18}},"4":{"start":{"line":14,"column":4},"end":{"line":14,"column":17}}},"fnMap":{"0":{"name":"(anonymous_0)","decl":{"start":{"line":1,"column":30},"end":{"line":1,"column":31}},"loc":{"start":{"line":4,"column":14},"end":{"line":15,"column":1}},"line":4}},"branchMap":{"0":{"loc":{"start":{"line":1,"column":31},"end":{"line":4,"column":1}},"type":"default-arg","locations":[{"start":{"line":1,"column":39},"end":{"line":4,"column":1}}],"line":1},"1":{"loc":{"start":{"line":5,"column":4},"end":{"line":13,"column":5}},"type":"switch","locations":[{"start":{"line":6,"column":8},"end":{"line":12,"column":18}}],"line":5}},"s":{"0":4,"1":12,"2":0,"3":0,"4":12},"f":{"0":12},"b":{"0":[12],"1":[0]},"_coverageSchema":"332fd63041d2c1bcb487cc26dd0d5f7d97098a6c","hash":"7115da23ac8fd9de1a590db0667432206e493b7d"}
,"C:\\Users\\Jason\\Desktop\\hangman\\hangman\\src\\reducers\\userReducer.js": {"path":"C:\\Users\\Jason\\Desktop\\hangman\\hangman\\src\\reducers\\userReducer.js","statementMap":{"0":{"start":{"line":1,"column":20},"end":{"line":18,"column":1}},"1":{"start":{"line":5,"column":4},"end":{"line":16,"column":5}},"2":{"start":{"line":7,"column":12},"end":{"line":9,"column":15}},"3":{"start":{"line":10,"column":12},"end":{"line":10,"column":18}},"4":{"start":{"line":12,"column":12},"end":{"line":14,"column":15}},"5":{"start":{"line":15,"column":12},"end":{"line":15,"column":18}},"6":{"start":{"line":17,"column":4},"end":{"line":17,"column":17}}},"fnMap":{"0":{"name":"(anonymous_0)","decl":{"start":{"line":1,"column":20},"end":{"line":1,"column":21}},"loc":{"start":{"line":4,"column":14},"end":{"line":18,"column":1}},"line":4}},"branchMap":{"0":{"loc":{"start":{"line":1,"column":21},"end":{"line":4,"column":1}},"type":"default-arg","locations":[{"start":{"line":1,"column":29},"end":{"line":4,"column":1}}],"line":1},"1":{"loc":{"start":{"line":5,"column":4},"end":{"line":16,"column":5}},"type":"switch","locations":[{"start":{"line":6,"column":8},"end":{"line":10,"column":18}},{"start":{"line":11,"column":8},"end":{"line":15,"column":18}}],"line":5}},"s":{"0":4,"1":12,"2":0,"3":0,"4":0,"5":0,"6":12},"f":{"0":12},"b":{"0":[12],"1":[0,0]},"_coverageSchema":"332fd63041d2c1bcb487cc26dd0d5f7d97098a6c","hash":"e420d93f83e5ebb1adeb13f8c4ad77df1e03c3bf"}
}
