TN:
SF:C:\Users\Jason\Desktop\hangman\hangman\empty-module.js
FNF:0
FNH:0
DA:1,1
LF:1
LH:1
BRF:0
BRH:0
end_of_record
TN:
SF:C:\Users\Jason\Desktop\hangman\hangman\store.js
FNF:0
FNH:0
LF:0
LH:0
BRF:0
BRH:0
end_of_record
TN:
SF:C:\Users\Jason\Desktop\hangman\hangman\src\actions\pageAnimations.js
FN:1,showLoadingBar
FN:8,showSideMenu
FNF:2
FNH:0
FNDA:0,showLoadingBar
FNDA:0,showSideMenu
DA:2,0
DA:9,0
LF:2
LH:0
BRDA:1,0,0,0
BRDA:8,1,0,0
BRF:2
BRH:0
end_of_record
TN:
SF:C:\Users\Jason\Desktop\hangman\hangman\src\actions\studentDetailsAction.js
FN:1,addStudentId
FNF:1
FNH:0
FNDA:0,addStudentId
DA:2,0
LF:1
LH:0
BRF:0
BRH:0
end_of_record
TN:
SF:C:\Users\Jason\Desktop\hangman\hangman\src\actions\userActions.js
FN:1,setName
FN:8,setAge
FNF:2
FNH:1
FNDA:0,setName
FNDA:1,setAge
DA:2,0
DA:9,1
LF:2
LH:1
BRF:0
BRH:0
end_of_record
TN:
SF:C:\Users\Jason\Desktop\hangman\hangman\src\components\User.jsx
FN:3,(anonymous_0)
FNF:1
FNH:0
FNDA:0,(anonymous_0)
DA:3,1
DA:4,0
LF:2
LH:1
BRF:0
BRH:0
end_of_record
TN:
SF:C:\Users\Jason\Desktop\hangman\hangman\src\components\About\About.jsx
FN:3,(anonymous_0)
FN:12,(anonymous_1)
FNF:2
FNH:1
FNDA:1,(anonymous_0)
FNDA:0,(anonymous_1)
DA:3,2
DA:4,1
DA:12,0
LF:3
LH:2
BRF:0
BRH:0
end_of_record
TN:
SF:C:\Users\Jason\Desktop\hangman\hangman\src\components\Header\Header.jsx
FN:36,(anonymous_0)
FN:39,(anonymous_1)
FN:44,(anonymous_2)
FN:59,(anonymous_3)
FN:67,(anonymous_4)
FN:69,(anonymous_5)
FN:70,(anonymous_6)
FNF:7
FNH:0
FNDA:0,(anonymous_0)
FNDA:0,(anonymous_1)
FNDA:0,(anonymous_2)
FNDA:0,(anonymous_3)
FNDA:0,(anonymous_4)
FNDA:0,(anonymous_5)
FNDA:0,(anonymous_6)
DA:9,2
DA:18,2
DA:24,2
DA:27,2
DA:29,2
DA:37,0
DA:40,0
DA:41,0
DA:44,0
DA:59,2
DA:60,0
DA:67,2
DA:68,0
DA:69,0
DA:70,0
LF:15
LH:7
BRF:0
BRH:0
end_of_record
TN:
SF:C:\Users\Jason\Desktop\hangman\hangman\src\components\Home\Home.jsx
FN:3,(anonymous_0)
FNF:1
FNH:1
FNDA:1,(anonymous_0)
DA:3,2
DA:4,1
LF:2
LH:2
BRF:0
BRH:0
end_of_record
TN:
SF:C:\Users\Jason\Desktop\hangman\hangman\src\components\LoadingBar\LoadingBar.jsx
FN:50,(anonymous_0)
FN:53,(anonymous_1)
FN:68,(anonymous_2)
FNF:3
FNH:0
FNDA:0,(anonymous_0)
FNDA:0,(anonymous_1)
FNDA:0,(anonymous_2)
DA:5,1
DA:18,1
DA:26,1
DA:51,0
DA:54,0
DA:55,0
DA:62,0
DA:68,1
DA:69,0
LF:9
LH:4
BRDA:54,0,0,0
BRDA:54,0,1,0
BRF:2
BRH:0
end_of_record
TN:
SF:C:\Users\Jason\Desktop\hangman\hangman\src\components\Search\Search.jsx
FN:27,(anonymous_0)
FN:30,(anonymous_1)
FN:33,(anonymous_2)
FN:51,(anonymous_3)
FN:58,(anonymous_4)
FN:60,(anonymous_5)
FN:61,(anonymous_6)
FNF:7
FNH:0
FNDA:0,(anonymous_0)
FNDA:0,(anonymous_1)
FNDA:0,(anonymous_2)
FNDA:0,(anonymous_3)
FNDA:0,(anonymous_4)
FNDA:0,(anonymous_5)
FNDA:0,(anonymous_6)
DA:9,3
DA:28,0
DA:31,0
DA:34,0
DA:35,0
DA:36,0
DA:37,0
DA:38,0
DA:39,0
DA:51,3
DA:52,0
DA:58,3
DA:59,0
DA:60,0
DA:61,0
LF:15
LH:3
BRDA:34,0,0,0
BRDA:34,0,1,0
BRF:2
BRH:0
end_of_record
TN:
SF:C:\Users\Jason\Desktop\hangman\hangman\src\components\SideMenu\SideMenu.jsx
FN:51,(anonymous_0)
FN:56,(anonymous_1)
FN:59,(anonymous_2)
FN:62,(anonymous_3)
FN:69,(anonymous_4)
FN:73,(anonymous_5)
FN:75,(anonymous_6)
FNF:7
FNH:0
FNDA:0,(anonymous_0)
FNDA:0,(anonymous_1)
FNDA:0,(anonymous_2)
FNDA:0,(anonymous_3)
FNDA:0,(anonymous_4)
FNDA:0,(anonymous_5)
FNDA:0,(anonymous_6)
DA:8,2
DA:17,2
DA:22,2
DA:27,2
DA:34,2
DA:37,2
DA:39,2
DA:44,2
DA:52,0
DA:53,0
DA:56,0
DA:59,0
DA:62,0
DA:69,2
DA:70,0
DA:73,2
DA:74,0
DA:75,0
LF:18
LH:10
BRDA:52,0,0,0
BRDA:52,0,1,0
BRF:2
BRH:0
end_of_record
TN:
SF:C:\Users\Jason\Desktop\hangman\hangman\src\containers\App.js
FN:22,(anonymous_0)
FN:30,(anonymous_1)
FN:32,(anonymous_2)
FN:43,(anonymous_3)
FN:50,(anonymous_4)
FN:52,(anonymous_5)
FNF:6
FNH:0
FNDA:0,(anonymous_0)
FNDA:0,(anonymous_1)
FNDA:0,(anonymous_2)
FNDA:0,(anonymous_3)
FNDA:0,(anonymous_4)
FNDA:0,(anonymous_5)
DA:23,0
DA:31,0
DA:32,0
DA:43,1
DA:44,0
DA:50,1
DA:51,0
DA:52,0
LF:8
LH:2
BRF:0
BRH:0
end_of_record
TN:
SF:C:\Users\Jason\Desktop\hangman\hangman\src\reducers\pageAnimations.js
FN:1,(anonymous_0)
FNF:1
FNH:1
FNDA:12,(anonymous_0)
DA:1,4
DA:6,12
DA:8,0
DA:13,0
DA:15,0
DA:20,0
DA:22,12
LF:7
LH:3
BRDA:1,0,0,12
BRDA:6,1,0,0
BRDA:6,1,1,0
BRF:3
BRH:1
end_of_record
TN:
SF:C:\Users\Jason\Desktop\hangman\hangman\src\reducers\studentDetailsReducer.js
FN:1,(anonymous_0)
FNF:1
FNH:1
FNDA:12,(anonymous_0)
DA:1,4
DA:5,12
DA:7,0
DA:12,0
DA:14,12
LF:5
LH:3
BRDA:1,0,0,12
BRDA:5,1,0,0
BRF:2
BRH:1
end_of_record
TN:
SF:C:\Users\Jason\Desktop\hangman\hangman\src\reducers\userReducer.js
FN:1,(anonymous_0)
FNF:1
FNH:1
FNDA:12,(anonymous_0)
DA:1,4
DA:5,12
DA:7,0
DA:10,0
DA:12,0
DA:15,0
DA:17,12
LF:7
LH:3
BRDA:1,0,0,12
BRDA:5,1,0,0
BRDA:5,1,1,0
BRF:3
BRH:1
end_of_record
